Configuring primitive-0.6.3.0...
Preprocessing library for primitive-0.6.3.0..
Building library for primitive-0.6.3.0..
[ 1 of 12] Compiling Control.Monad.Primitive ( Control\Monad\Primitive.hs, .stack-work\dist\7d103d30\build\Control\Monad\Primitive.o )

Control\Monad\Primitive.hs:46:1: warning: [-Wdeprecations]
    Module `Control.Monad.Trans.List' is deprecated:
      This transformer is invalid on most monads
   |
46 | import Control.Monad.Trans.List     ( ListT    )
   | ^^^^^^^^^^^^^^^^^^^^^^^^^^^^^^^^^^^^^^^^^^^^^^^^

Control\Monad\Primitive.hs:48:1: warning: [-Wdeprecations]
    Module `Control.Monad.Trans.Error' is deprecated:
      Use Control.Monad.Trans.Except instead
   |
48 | import Control.Monad.Trans.Error    ( ErrorT, Error)
   | ^^^^^^^^^^^^^^^^^^^^^^^^^^^^^^^^^^^^^^^^^^^^^^^^^^^^

Control\Monad\Primitive.hs:111:36: warning: [-Wdeprecations]
    In the use of type constructor or class `ListT'
    (imported from Control.Monad.Trans.List):
    Deprecated: "This transformer is invalid on most monads"
    |
111 | instance PrimMonad m => PrimMonad (ListT m) where
    |                                    ^^^^^

Control\Monad\Primitive.hs:112:19: warning: [-Wdeprecations]
    In the use of type constructor or class `ListT'
    (imported from Control.Monad.Trans.List):
    Deprecated: "This transformer is invalid on most monads"
    |
112 |   type PrimState (ListT m) = PrimState m
    |                   ^^^^^

Control\Monad\Primitive.hs:119:11: warning: [-Wdeprecations]
    In the use of type constructor or class `Error'
    (imported from Control.Monad.Trans.Error):
    Deprecated: "Use Control.Monad.Trans.Except instead"
    |
119 | instance (Error e, PrimMonad m) => PrimMonad (ErrorT e m) where
    |           ^^^^^

Control\Monad\Primitive.hs:119:47: warning: [-Wdeprecations]
    In the use of type constructor or class `ErrorT'
    (imported from Control.Monad.Trans.Error):
    Deprecated: "Use Control.Monad.Trans.Except instead"
    |
119 | instance (Error e, PrimMonad m) => PrimMonad (ErrorT e m) where
    |                                               ^^^^^^

Control\Monad\Primitive.hs:120:19: warning: [-Wdeprecations]
    In the use of type constructor or class `ErrorT'
    (imported from Control.Monad.Trans.Error):
    Deprecated: "Use Control.Monad.Trans.Except instead"
    |
120 |   type PrimState (ErrorT e m) = PrimState m
    |                   ^^^^^^
[ 2 of 12] Compiling Data.Primitive.Internal.Compat ( Data\Primitive\Internal\Compat.hs, .stack-work\dist\7d103d30\build\Data\Primitive\Internal\Compat.o )
[ 3 of 12] Compiling Data.Primitive.Array ( Data\Primitive\Array.hs, .stack-work\dist\7d103d30\build\Data\Primitive\Array.o )
[ 4 of 12] Compiling Data.Primitive.MachDeps ( Data\Primitive\MachDeps.hs, .stack-work\dist\7d103d30\build\Data\Primitive\MachDeps.o )
[ 5 of 12] Compiling Data.Primitive.Internal.Operations ( Data\Primitive\Internal\Operations.hs, .stack-work\dist\7d103d30\build\Data\Primitive\Internal\Operations.o )
[ 6 of 12] Compiling Data.Primitive.MutVar ( Data\Primitive\MutVar.hs, .stack-work\dist\7d103d30\build\Data\Primitive\MutVar.o )
[ 7 of 12] Compiling Data.Primitive.SmallArray ( Data\Primitive\SmallArray.hs, .stack-work\dist\7d103d30\build\Data\Primitive\SmallArray.o )

Data\Primitive\SmallArray.hs:79:1: warning: [-Wunused-imports]
    The import of `Data.Monoid' is redundant
      except perhaps to import instances from `Data.Monoid'
    To import instances alone, use: import Data.Monoid()
   |
79 | import Data.Monoid
   | ^^^^^^^^^^^^^^^^^^
[ 8 of 12] Compiling Data.Primitive.Types ( Data\Primitive\Types.hs, .stack-work\dist\7d103d30\build\Data\Primitive\Types.o )
[ 9 of 12] Compiling Data.Primitive.ByteArray ( Data\Primitive\ByteArray.hs, .stack-work\dist\7d103d30\build\Data\Primitive\ByteArray.o )
[10 of 12] Compiling Data.Primitive.Addr ( Data\Primitive\Addr.hs, .stack-work\dist\7d103d30\build\Data\Primitive\Addr.o )
[11 of 12] Compiling Data.Primitive   ( Data\Primitive.hs, .stack-work\dist\7d103d30\build\Data\Primitive.o )
[12 of 12] Compiling Data.Primitive.UnliftedArray ( Data\Primitive\UnliftedArray.hs, .stack-work\dist\7d103d30\build\Data\Primitive\UnliftedArray.o )
ignoring (possibly broken) abi-depends field for packages
Installing library in C:\sr\snapshots\0206bb5d\lib\x86_64-windows-ghc-8.4.3\primitive-0.6.3.0-DaZpcxwJp2TGn8ITSgfI4C
Registering library for primitive-0.6.3.0..
